Analysis & Synthesis report for Final
Fri May 19 09:31:42 2023
Quartus Prime Version 18.1.0 Build 625 09/12/2018 SJ Lite Edition


---------------------
; Table of Contents ;
---------------------
  1. Legal Notice
  2. Analysis & Synthesis Summary
  3. Analysis & Synthesis Settings
  4. Parallel Compilation
  5. Analysis & Synthesis Source Files Read
  6. Analysis & Synthesis Resource Usage Summary
  7. Analysis & Synthesis Resource Utilization by Entity
  8. State Machine - |Top_Module|BTN_Control:BTC1|current_state
  9. State Machine - |Top_Module|BTN_Control:BTC1|next_state
 10. User-Specified and Inferred Latches
 11. Registers Removed During Synthesis
 12. General Register Statistics
 13. Inverted Register Statistics
 14. Multiplexer Restructuring Statistics (Restructuring Performed)
 15. Parameter Settings for User Entity Instance: debounce_explicit:DB1
 16. Parameter Settings for User Entity Instance: BTN_Control:BTC1
 17. Parameter Settings for Inferred Entity Instance: segment_7:SG7|lpm_divide:Mod2
 18. Parameter Settings for Inferred Entity Instance: segment_7:SG7|lpm_divide:Mod3
 19. Parameter Settings for Inferred Entity Instance: segment_7:SG7|lpm_divide:Mod1
 20. Parameter Settings for Inferred Entity Instance: segment_7:SG7|lpm_divide:Mod0
 21. Parameter Settings for Inferred Entity Instance: alu:ALU1|lpm_mult:Mult0
 22. Parameter Settings for Inferred Entity Instance: alu:ALU1|lpm_divide:Div0
 23. lpm_mult Parameter Settings by Entity Instance
 24. Post-Synthesis Netlist Statistics for Top Partition
 25. Elapsed Time Per Partition
 26. Analysis & Synthesis Messages



----------------
; Legal Notice ;
----------------
Copyright (C) 2018  Intel Corporation. All rights reserved.
Your use of Intel Corporation's design tools, logic functions 
and other software and tools, and its AMPP partner logic 
functions, and any output files from any of the foregoing 
(including device programming or simulation files), and any 
associated documentation or information are expressly subject 
to the terms and conditions of the Intel Program License 
Subscription Agreement, the Intel Quartus Prime License Agreement,
the Intel FPGA IP License Agreement, or other applicable license
agreement, including, without limitation, that your use is for
the sole purpose of programming logic devices manufactured by
Intel and sold by Intel or its authorized distributors.  Please
refer to the applicable agreement for further details.



+----------------------------------------------------------------------------------+
; Analysis & Synthesis Summary                                                     ;
+------------------------------------+---------------------------------------------+
; Analysis & Synthesis Status        ; Successful - Fri May 19 09:31:42 2023       ;
; Quartus Prime Version              ; 18.1.0 Build 625 09/12/2018 SJ Lite Edition ;
; Revision Name                      ; Final                                       ;
; Top-level Entity Name              ; Top_Module                                  ;
; Family                             ; Cyclone IV E                                ;
; Total logic elements               ; 358                                         ;
;     Total combinational functions  ; 357                                         ;
;     Dedicated logic registers      ; 42                                          ;
; Total registers                    ; 42                                          ;
; Total pins                         ; 59                                          ;
; Total virtual pins                 ; 0                                           ;
; Total memory bits                  ; 0                                           ;
; Embedded Multiplier 9-bit elements ; 0                                           ;
; Total PLLs                         ; 0                                           ;
+------------------------------------+---------------------------------------------+


+------------------------------------------------------------------------------------------------------------+
; Analysis & Synthesis Settings                                                                              ;
+------------------------------------------------------------------+--------------------+--------------------+
; Option                                                           ; Setting            ; Default Value      ;
+------------------------------------------------------------------+--------------------+--------------------+
; Device                                                           ; EP4CE115F29C7      ;                    ;
; Top-level entity name                                            ; Top_Module         ; Final              ;
; Family name                                                      ; Cyclone IV E       ; Cyclone V          ;
; Use smart compilation                                            ; Off                ; Off                ;
; Enable parallel Assembler and Timing Analyzer during compilation ; On                 ; On                 ;
; Enable compact report table                                      ; Off                ; Off                ;
; Restructure Multiplexers                                         ; Auto               ; Auto               ;
; Create Debugging Nodes for IP Cores                              ; Off                ; Off                ;
; Preserve fewer node names                                        ; On                 ; On                 ;
; Intel FPGA IP Evaluation Mode                                    ; Enable             ; Enable             ;
; Verilog Version                                                  ; Verilog_2001       ; Verilog_2001       ;
; VHDL Version                                                     ; VHDL_1993          ; VHDL_1993          ;
; State Machine Processing                                         ; Auto               ; Auto               ;
; Safe State Machine                                               ; Off                ; Off                ;
; Extract Verilog State Machines                                   ; On                 ; On                 ;
; Extract VHDL State Machines                                      ; On                 ; On                 ;
; Ignore Verilog initial constructs                                ; Off                ; Off                ;
; Iteration limit for constant Verilog loops                       ; 5000               ; 5000               ;
; Iteration limit for non-constant Verilog loops                   ; 250                ; 250                ;
; Add Pass-Through Logic to Inferred RAMs                          ; On                 ; On                 ;
; Infer RAMs from Raw Logic                                        ; On                 ; On                 ;
; Parallel Synthesis                                               ; On                 ; On                 ;
; DSP Block Balancing                                              ; Auto               ; Auto               ;
; NOT Gate Push-Back                                               ; On                 ; On                 ;
; Power-Up Don't Care                                              ; On                 ; On                 ;
; Remove Redundant Logic Cells                                     ; Off                ; Off                ;
; Remove Duplicate Registers                                       ; On                 ; On                 ;
; Ignore CARRY Buffers                                             ; Off                ; Off                ;
; Ignore CASCADE Buffers                                           ; Off                ; Off                ;
; Ignore GLOBAL Buffers                                            ; Off                ; Off                ;
; Ignore ROW GLOBAL Buffers                                        ; Off                ; Off                ;
; Ignore LCELL Buffers                                             ; Off                ; Off                ;
; Ignore SOFT Buffers                                              ; On                 ; On                 ;
; Limit AHDL Integers to 32 Bits                                   ; Off                ; Off                ;
; Optimization Technique                                           ; Balanced           ; Balanced           ;
; Carry Chain Length                                               ; 70                 ; 70                 ;
; Auto Carry Chains                                                ; On                 ; On                 ;
; Auto Open-Drain Pins                                             ; On                 ; On                 ;
; Perform WYSIWYG Primitive Resynthesis                            ; Off                ; Off                ;
; Auto ROM Replacement                                             ; On                 ; On                 ;
; Auto RAM Replacement                                             ; On                 ; On                 ;
; Auto DSP Block Replacement                                       ; On                 ; On                 ;
; Auto Shift Register Replacement                                  ; Auto               ; Auto               ;
; Allow Shift Register Merging across Hierarchies                  ; Auto               ; Auto               ;
; Auto Clock Enable Replacement                                    ; On                 ; On                 ;
; Strict RAM Replacement                                           ; Off                ; Off                ;
; Allow Synchronous Control Signals                                ; On                 ; On                 ;
; Force Use of Synchronous Clear Signals                           ; Off                ; Off                ;
; Auto RAM Block Balancing                                         ; On                 ; On                 ;
; Auto RAM to Logic Cell Conversion                                ; Off                ; Off                ;
; Auto Resource Sharing                                            ; Off                ; Off                ;
; Allow Any RAM Size For Recognition                               ; Off                ; Off                ;
; Allow Any ROM Size For Recognition                               ; Off                ; Off                ;
; Allow Any Shift Register Size For Recognition                    ; Off                ; Off                ;
; Use LogicLock Constraints during Resource Balancing              ; On                 ; On                 ;
; Ignore translate_off and synthesis_off directives                ; Off                ; Off                ;
; Timing-Driven Synthesis                                          ; On                 ; On                 ;
; Report Parameter Settings                                        ; On                 ; On                 ;
; Report Source Assignments                                        ; On                 ; On                 ;
; Report Connectivity Checks                                       ; On                 ; On                 ;
; Ignore Maximum Fan-Out Assignments                               ; Off                ; Off                ;
; Synchronization Register Chain Length                            ; 2                  ; 2                  ;
; Power Optimization During Synthesis                              ; Normal compilation ; Normal compilation ;
; HDL message level                                                ; Level2             ; Level2             ;
; Suppress Register Optimization Related Messages                  ; Off                ; Off                ;
; Number of Removed Registers Reported in Synthesis Report         ; 5000               ; 5000               ;
; Number of Swept Nodes Reported in Synthesis Report               ; 5000               ; 5000               ;
; Number of Inverted Registers Reported in Synthesis Report        ; 100                ; 100                ;
; Clock MUX Protection                                             ; On                 ; On                 ;
; Auto Gated Clock Conversion                                      ; Off                ; Off                ;
; Block Design Naming                                              ; Auto               ; Auto               ;
; SDC constraint protection                                        ; Off                ; Off                ;
; Synthesis Effort                                                 ; Auto               ; Auto               ;
; Shift Register Replacement - Allow Asynchronous Clear Signal     ; On                 ; On                 ;
; Pre-Mapping Resynthesis Optimization                             ; Off                ; Off                ;
; Analysis & Synthesis Message Level                               ; Medium             ; Medium             ;
; Disable Register Merging Across Hierarchies                      ; Auto               ; Auto               ;
; Resource Aware Inference For Block RAM                           ; On                 ; On                 ;
+------------------------------------------------------------------+--------------------+--------------------+


+------------------------------------------+
; Parallel Compilation                     ;
+----------------------------+-------------+
; Processors                 ; Number      ;
+----------------------------+-------------+
; Number detected on machine ; 16          ;
; Maximum allowed            ; 8           ;
;                            ;             ;
; Average used               ; 1.00        ;
; Maximum used               ; 8           ;
;                            ;             ;
; Usage by Processor         ; % Time Used ;
;     Processor 1            ; 100.0%      ;
;     Processors 2-8         ;   0.0%      ;
+----------------------------+-------------+


+--------------------------------------------------------------------------------------------------------------------------------------------------------------------------+
; Analysis & Synthesis Source Files Read                                                                                                                                   ;
+----------------------------------+-----------------+------------------------------+----------------------------------------------------------------------------+---------+
; File Name with User-Entered Path ; Used in Netlist ; File Type                    ; File Name with Absolute Path                                               ; Library ;
+----------------------------------+-----------------+------------------------------+----------------------------------------------------------------------------+---------+
; Top_Module.v                     ; yes             ; User Verilog HDL File        ; C:/James/Top_Module.v                                                      ;         ;
; segment_7.v                      ; yes             ; User Verilog HDL File        ; C:/James/segment_7.v                                                       ;         ;
; debounce_explicit.v              ; yes             ; User Verilog HDL File        ; C:/James/debounce_explicit.v                                               ;         ;
; BTN_Control.v                    ; yes             ; User Verilog HDL File        ; C:/James/BTN_Control.v                                                     ;         ;
; alu.v                            ; yes             ; User Verilog HDL File        ; C:/James/alu.v                                                             ;         ;
; lpm_divide.tdf                   ; yes             ; Megafunction                 ; c:/intelfpga_lite/18.1/quartus/libraries/megafunctions/lpm_divide.tdf      ;         ;
; abs_divider.inc                  ; yes             ; Megafunction                 ; c:/intelfpga_lite/18.1/quartus/libraries/megafunctions/abs_divider.inc     ;         ;
; sign_div_unsign.inc              ; yes             ; Megafunction                 ; c:/intelfpga_lite/18.1/quartus/libraries/megafunctions/sign_div_unsign.inc ;         ;
; aglobal181.inc                   ; yes             ; Megafunction                 ; c:/intelfpga_lite/18.1/quartus/libraries/megafunctions/aglobal181.inc      ;         ;
; db/lpm_divide_p9m.tdf            ; yes             ; Auto-Generated Megafunction  ; C:/James/db/lpm_divide_p9m.tdf                                             ;         ;
; db/sign_div_unsign_ekh.tdf       ; yes             ; Auto-Generated Megafunction  ; C:/James/db/sign_div_unsign_ekh.tdf                                        ;         ;
; db/alt_u_div_g4f.tdf             ; yes             ; Auto-Generated Megafunction  ; C:/James/db/alt_u_div_g4f.tdf                                              ;         ;
; db/add_sub_7pc.tdf               ; yes             ; Auto-Generated Megafunction  ; C:/James/db/add_sub_7pc.tdf                                                ;         ;
; db/add_sub_8pc.tdf               ; yes             ; Auto-Generated Megafunction  ; C:/James/db/add_sub_8pc.tdf                                                ;         ;
; db/lpm_divide_l9m.tdf            ; yes             ; Auto-Generated Megafunction  ; C:/James/db/lpm_divide_l9m.tdf                                             ;         ;
; db/sign_div_unsign_akh.tdf       ; yes             ; Auto-Generated Megafunction  ; C:/James/db/sign_div_unsign_akh.tdf                                        ;         ;
; db/alt_u_div_84f.tdf             ; yes             ; Auto-Generated Megafunction  ; C:/James/db/alt_u_div_84f.tdf                                              ;         ;
; db/lpm_divide_i9m.tdf            ; yes             ; Auto-Generated Megafunction  ; C:/James/db/lpm_divide_i9m.tdf                                             ;         ;
; db/sign_div_unsign_7kh.tdf       ; yes             ; Auto-Generated Megafunction  ; C:/James/db/sign_div_unsign_7kh.tdf                                        ;         ;
; db/alt_u_div_24f.tdf             ; yes             ; Auto-Generated Megafunction  ; C:/James/db/alt_u_div_24f.tdf                                              ;         ;
; lpm_mult.tdf                     ; yes             ; Megafunction                 ; c:/intelfpga_lite/18.1/quartus/libraries/megafunctions/lpm_mult.tdf        ;         ;
; lpm_add_sub.inc                  ; yes             ; Megafunction                 ; c:/intelfpga_lite/18.1/quartus/libraries/megafunctions/lpm_add_sub.inc     ;         ;
; multcore.inc                     ; yes             ; Megafunction                 ; c:/intelfpga_lite/18.1/quartus/libraries/megafunctions/multcore.inc        ;         ;
; bypassff.inc                     ; yes             ; Megafunction                 ; c:/intelfpga_lite/18.1/quartus/libraries/megafunctions/bypassff.inc        ;         ;
; altshift.inc                     ; yes             ; Megafunction                 ; c:/intelfpga_lite/18.1/quartus/libraries/megafunctions/altshift.inc        ;         ;
; db/mult_j8t.tdf                  ; yes             ; Auto-Generated Megafunction  ; C:/James/db/mult_j8t.tdf                                                   ;         ;
; db/lpm_divide_fhm.tdf            ; yes             ; Auto-Generated Megafunction  ; C:/James/db/lpm_divide_fhm.tdf                                             ;         ;
+----------------------------------+-----------------+------------------------------+----------------------------------------------------------------------------+---------+


+---------------------------------------------------------+
; Analysis & Synthesis Resource Usage Summary             ;
+---------------------------------------------+-----------+
; Resource                                    ; Usage     ;
+---------------------------------------------+-----------+
; Estimated Total logic elements              ; 358       ;
;                                             ;           ;
; Total combinational functions               ; 357       ;
; Logic element usage by number of LUT inputs ;           ;
;     -- 4 input functions                    ; 165       ;
;     -- 3 input functions                    ; 96        ;
;     -- <=2 input functions                  ; 96        ;
;                                             ;           ;
; Logic elements by mode                      ;           ;
;     -- normal mode                          ; 288       ;
;     -- arithmetic mode                      ; 69        ;
;                                             ;           ;
; Total registers                             ; 42        ;
;     -- Dedicated logic registers            ; 42        ;
;     -- I/O registers                        ; 0         ;
;                                             ;           ;
; I/O pins                                    ; 59        ;
;                                             ;           ;
; Embedded Multiplier 9-bit elements          ; 0         ;
;                                             ;           ;
; Maximum fan-out node                        ; clk~input ;
; Maximum fan-out                             ; 39        ;
; Total fan-out                               ; 1312      ;
; Average fan-out                             ; 2.54      ;
+---------------------------------------------+-----------+


+---------------------------------------------------------------------------------------------------------------------------------------------------------------------------------------------------------------------------------------------------------------------------------------------------------------------------------------+
; Analysis & Synthesis Resource Utilization by Entity                                                                                                                                                                                                                                                                                   ;
+-------------------------------------------+---------------------+---------------------------+-------------+--------------+---------+-----------+------+--------------+---------------------------------------------------------------------------------------------------------------------------+---------------------+--------------+
; Compilation Hierarchy Node                ; Combinational ALUTs ; Dedicated Logic Registers ; Memory Bits ; DSP Elements ; DSP 9x9 ; DSP 18x18 ; Pins ; Virtual Pins ; Full Hierarchy Name                                                                                                       ; Entity Name         ; Library Name ;
+-------------------------------------------+---------------------+---------------------------+-------------+--------------+---------+-----------+------+--------------+---------------------------------------------------------------------------------------------------------------------------+---------------------+--------------+
; |Top_Module                               ; 357 (0)             ; 42 (1)                    ; 0           ; 0            ; 0       ; 0         ; 59   ; 0            ; |Top_Module                                                                                                               ; Top_Module          ; work         ;
;    |BTN_Control:BTC1|                     ; 33 (33)             ; 19 (19)                   ; 0           ; 0            ; 0       ; 0         ; 0    ; 0            ; |Top_Module|BTN_Control:BTC1                                                                                              ; BTN_Control         ; work         ;
;    |alu:ALU1|                             ; 81 (34)             ; 8 (8)                     ; 0           ; 0            ; 0       ; 0         ; 0    ; 0            ; |Top_Module|alu:ALU1                                                                                                      ; alu                 ; work         ;
;       |lpm_divide:Div0|                   ; 17 (0)              ; 0 (0)                     ; 0           ; 0            ; 0       ; 0         ; 0    ; 0            ; |Top_Module|alu:ALU1|lpm_divide:Div0                                                                                      ; lpm_divide          ; work         ;
;          |lpm_divide_fhm:auto_generated|  ; 17 (0)              ; 0 (0)                     ; 0           ; 0            ; 0       ; 0         ; 0    ; 0            ; |Top_Module|alu:ALU1|lpm_divide:Div0|lpm_divide_fhm:auto_generated                                                        ; lpm_divide_fhm      ; work         ;
;             |sign_div_unsign_7kh:divider| ; 17 (0)              ; 0 (0)                     ; 0           ; 0            ; 0       ; 0         ; 0    ; 0            ; |Top_Module|alu:ALU1|lpm_divide:Div0|lpm_divide_fhm:auto_generated|sign_div_unsign_7kh:divider                            ; sign_div_unsign_7kh ; work         ;
;                |alt_u_div_24f:divider|    ; 17 (17)             ; 0 (0)                     ; 0           ; 0            ; 0       ; 0         ; 0    ; 0            ; |Top_Module|alu:ALU1|lpm_divide:Div0|lpm_divide_fhm:auto_generated|sign_div_unsign_7kh:divider|alt_u_div_24f:divider      ; alt_u_div_24f       ; work         ;
;       |lpm_mult:Mult0|                    ; 30 (0)              ; 0 (0)                     ; 0           ; 0            ; 0       ; 0         ; 0    ; 0            ; |Top_Module|alu:ALU1|lpm_mult:Mult0                                                                                       ; lpm_mult            ; work         ;
;          |mult_j8t:auto_generated|        ; 30 (30)             ; 0 (0)                     ; 0           ; 0            ; 0       ; 0         ; 0    ; 0            ; |Top_Module|alu:ALU1|lpm_mult:Mult0|mult_j8t:auto_generated                                                               ; mult_j8t            ; work         ;
;    |debounce_explicit:DB1|                ; 26 (26)             ; 14 (14)                   ; 0           ; 0            ; 0       ; 0         ; 0    ; 0            ; |Top_Module|debounce_explicit:DB1                                                                                         ; debounce_explicit   ; work         ;
;    |segment_7:SG7|                        ; 217 (104)           ; 0 (0)                     ; 0           ; 0            ; 0       ; 0         ; 0    ; 0            ; |Top_Module|segment_7:SG7                                                                                                 ; segment_7           ; work         ;
;       |lpm_divide:Mod0|                   ; 7 (0)               ; 0 (0)                     ; 0           ; 0            ; 0       ; 0         ; 0    ; 0            ; |Top_Module|segment_7:SG7|lpm_divide:Mod0                                                                                 ; lpm_divide          ; work         ;
;          |lpm_divide_i9m:auto_generated|  ; 7 (0)               ; 0 (0)                     ; 0           ; 0            ; 0       ; 0         ; 0    ; 0            ; |Top_Module|segment_7:SG7|lpm_divide:Mod0|lpm_divide_i9m:auto_generated                                                   ; lpm_divide_i9m      ; work         ;
;             |sign_div_unsign_7kh:divider| ; 7 (0)               ; 0 (0)                     ; 0           ; 0            ; 0       ; 0         ; 0    ; 0            ; |Top_Module|segment_7:SG7|lpm_divide:Mod0|lpm_divide_i9m:auto_generated|sign_div_unsign_7kh:divider                       ; sign_div_unsign_7kh ; work         ;
;                |alt_u_div_24f:divider|    ; 7 (7)               ; 0 (0)                     ; 0           ; 0            ; 0       ; 0         ; 0    ; 0            ; |Top_Module|segment_7:SG7|lpm_divide:Mod0|lpm_divide_i9m:auto_generated|sign_div_unsign_7kh:divider|alt_u_div_24f:divider ; alt_u_div_24f       ; work         ;
;       |lpm_divide:Mod1|                   ; 7 (0)               ; 0 (0)                     ; 0           ; 0            ; 0       ; 0         ; 0    ; 0            ; |Top_Module|segment_7:SG7|lpm_divide:Mod1                                                                                 ; lpm_divide          ; work         ;
;          |lpm_divide_i9m:auto_generated|  ; 7 (0)               ; 0 (0)                     ; 0           ; 0            ; 0       ; 0         ; 0    ; 0            ; |Top_Module|segment_7:SG7|lpm_divide:Mod1|lpm_divide_i9m:auto_generated                                                   ; lpm_divide_i9m      ; work         ;
;             |sign_div_unsign_7kh:divider| ; 7 (0)               ; 0 (0)                     ; 0           ; 0            ; 0       ; 0         ; 0    ; 0            ; |Top_Module|segment_7:SG7|lpm_divide:Mod1|lpm_divide_i9m:auto_generated|sign_div_unsign_7kh:divider                       ; sign_div_unsign_7kh ; work         ;
;                |alt_u_div_24f:divider|    ; 7 (7)               ; 0 (0)                     ; 0           ; 0            ; 0       ; 0         ; 0    ; 0            ; |Top_Module|segment_7:SG7|lpm_divide:Mod1|lpm_divide_i9m:auto_generated|sign_div_unsign_7kh:divider|alt_u_div_24f:divider ; alt_u_div_24f       ; work         ;
;       |lpm_divide:Mod2|                   ; 48 (0)              ; 0 (0)                     ; 0           ; 0            ; 0       ; 0         ; 0    ; 0            ; |Top_Module|segment_7:SG7|lpm_divide:Mod2                                                                                 ; lpm_divide          ; work         ;
;          |lpm_divide_p9m:auto_generated|  ; 48 (0)              ; 0 (0)                     ; 0           ; 0            ; 0       ; 0         ; 0    ; 0            ; |Top_Module|segment_7:SG7|lpm_divide:Mod2|lpm_divide_p9m:auto_generated                                                   ; lpm_divide_p9m      ; work         ;
;             |sign_div_unsign_ekh:divider| ; 48 (0)              ; 0 (0)                     ; 0           ; 0            ; 0       ; 0         ; 0    ; 0            ; |Top_Module|segment_7:SG7|lpm_divide:Mod2|lpm_divide_p9m:auto_generated|sign_div_unsign_ekh:divider                       ; sign_div_unsign_ekh ; work         ;
;                |alt_u_div_g4f:divider|    ; 48 (48)             ; 0 (0)                     ; 0           ; 0            ; 0       ; 0         ; 0    ; 0            ; |Top_Module|segment_7:SG7|lpm_divide:Mod2|lpm_divide_p9m:auto_generated|sign_div_unsign_ekh:divider|alt_u_div_g4f:divider ; alt_u_div_g4f       ; work         ;
;       |lpm_divide:Mod3|                   ; 51 (0)              ; 0 (0)                     ; 0           ; 0            ; 0       ; 0         ; 0    ; 0            ; |Top_Module|segment_7:SG7|lpm_divide:Mod3                                                                                 ; lpm_divide          ; work         ;
;          |lpm_divide_l9m:auto_generated|  ; 51 (0)              ; 0 (0)                     ; 0           ; 0            ; 0       ; 0         ; 0    ; 0            ; |Top_Module|segment_7:SG7|lpm_divide:Mod3|lpm_divide_l9m:auto_generated                                                   ; lpm_divide_l9m      ; work         ;
;             |sign_div_unsign_akh:divider| ; 51 (0)              ; 0 (0)                     ; 0           ; 0            ; 0       ; 0         ; 0    ; 0            ; |Top_Module|segment_7:SG7|lpm_divide:Mod3|lpm_divide_l9m:auto_generated|sign_div_unsign_akh:divider                       ; sign_div_unsign_akh ; work         ;
;                |alt_u_div_84f:divider|    ; 51 (51)             ; 0 (0)                     ; 0           ; 0            ; 0       ; 0         ; 0    ; 0            ; |Top_Module|segment_7:SG7|lpm_divide:Mod3|lpm_divide_l9m:auto_generated|sign_div_unsign_akh:divider|alt_u_div_84f:divider ; alt_u_div_84f       ; work         ;
+-------------------------------------------+---------------------+---------------------------+-------------+--------------+---------+-----------+------+--------------+---------------------------------------------------------------------------------------------------------------------------+---------------------+--------------+
Note: For table entries with two numbers listed, the numbers in parentheses indicate the number of resources of the given type used by the specific entity alone. The numbers listed outside of parentheses indicate the total resources of the given type used by the specific entity and all of its sub-entities in the hierarchy.


Encoding Type:  One-Hot
+----------------------------------------------------------------------------------------------------------------------------------------------------------------------------------------+
; State Machine - |Top_Module|BTN_Control:BTC1|current_state                                                                                                                             ;
+---------------------+--------------------+-------------------+-------------------+-------------------+-------------------+-------------------+-------------------+---------------------+
; Name                ; current_state.STOP ; current_state.DIV ; current_state.MUL ; current_state.XOR ; current_state.AND ; current_state.SUB ; current_state.ADD ; current_state.START ;
+---------------------+--------------------+-------------------+-------------------+-------------------+-------------------+-------------------+-------------------+---------------------+
; current_state.START ; 0                  ; 0                 ; 0                 ; 0                 ; 0                 ; 0                 ; 0                 ; 0                   ;
; current_state.ADD   ; 0                  ; 0                 ; 0                 ; 0                 ; 0                 ; 0                 ; 1                 ; 1                   ;
; current_state.SUB   ; 0                  ; 0                 ; 0                 ; 0                 ; 0                 ; 1                 ; 0                 ; 1                   ;
; current_state.AND   ; 0                  ; 0                 ; 0                 ; 0                 ; 1                 ; 0                 ; 0                 ; 1                   ;
; current_state.XOR   ; 0                  ; 0                 ; 0                 ; 1                 ; 0                 ; 0                 ; 0                 ; 1                   ;
; current_state.MUL   ; 0                  ; 0                 ; 1                 ; 0                 ; 0                 ; 0                 ; 0                 ; 1                   ;
; current_state.DIV   ; 0                  ; 1                 ; 0                 ; 0                 ; 0                 ; 0                 ; 0                 ; 1                   ;
; current_state.STOP  ; 1                  ; 0                 ; 0                 ; 0                 ; 0                 ; 0                 ; 0                 ; 1                   ;
+---------------------+--------------------+-------------------+-------------------+-------------------+-------------------+-------------------+-------------------+---------------------+


Encoding Type:  One-Hot
+-------------------------------------------------------------------------------------------------------------------------------------------------------------+
; State Machine - |Top_Module|BTN_Control:BTC1|next_state                                                                                                     ;
+------------------+-----------------+----------------+----------------+----------------+----------------+----------------+----------------+------------------+
; Name             ; next_state.STOP ; next_state.DIV ; next_state.MUL ; next_state.XOR ; next_state.AND ; next_state.SUB ; next_state.ADD ; next_state.START ;
+------------------+-----------------+----------------+----------------+----------------+----------------+----------------+----------------+------------------+
; next_state.START ; 0               ; 0              ; 0              ; 0              ; 0              ; 0              ; 0              ; 0                ;
; next_state.ADD   ; 0               ; 0              ; 0              ; 0              ; 0              ; 0              ; 1              ; 1                ;
; next_state.SUB   ; 0               ; 0              ; 0              ; 0              ; 0              ; 1              ; 0              ; 1                ;
; next_state.AND   ; 0               ; 0              ; 0              ; 0              ; 1              ; 0              ; 0              ; 1                ;
; next_state.XOR   ; 0               ; 0              ; 0              ; 1              ; 0              ; 0              ; 0              ; 1                ;
; next_state.MUL   ; 0               ; 0              ; 1              ; 0              ; 0              ; 0              ; 0              ; 1                ;
; next_state.DIV   ; 0               ; 1              ; 0              ; 0              ; 0              ; 0              ; 0              ; 1                ;
; next_state.STOP  ; 1               ; 0              ; 0              ; 0              ; 0              ; 0              ; 0              ; 1                ;
+------------------+-----------------+----------------+----------------+----------------+----------------+----------------+----------------+------------------+


+------------------------------------------------------------------------------------------------------+
; User-Specified and Inferred Latches                                                                  ;
+----------------------------------------------------+------------------------+------------------------+
; Latch Name                                         ; Latch Enable Signal    ; Free of Timing Hazards ;
+----------------------------------------------------+------------------------+------------------------+
; segment_7:SG7|LED_OUT1[0]                          ; segment_7:SG7|WideOr20 ; yes                    ;
; segment_7:SG7|LED_OUT1[1]                          ; segment_7:SG7|WideOr20 ; yes                    ;
; segment_7:SG7|LED_OUT1[2]                          ; segment_7:SG7|WideOr20 ; yes                    ;
; segment_7:SG7|LED_OUT1[3]                          ; segment_7:SG7|WideOr20 ; yes                    ;
; segment_7:SG7|LED_OUT1[4]                          ; segment_7:SG7|WideOr20 ; yes                    ;
; segment_7:SG7|LED_OUT1[5]                          ; segment_7:SG7|WideOr20 ; yes                    ;
; segment_7:SG7|LED_OUT1[6]                          ; segment_7:SG7|WideOr20 ; yes                    ;
; Number of user-specified and inferred latches = 7  ;                        ;                        ;
+----------------------------------------------------+------------------------+------------------------+
Note: All latches listed above may not be present at the end of synthesis due to various synthesis optimizations.


+------------------------------------------------------------+
; Registers Removed During Synthesis                         ;
+---------------------------------------+--------------------+
; Register name                         ; Reason for Removal ;
+---------------------------------------+--------------------+
; BTN_Control:BTC1|current_state~2      ; Lost fanout        ;
; BTN_Control:BTC1|current_state~3      ; Lost fanout        ;
; BTN_Control:BTC1|current_state~4      ; Lost fanout        ;
; BTN_Control:BTC1|next_state~10        ; Lost fanout        ;
; BTN_Control:BTC1|next_state~11        ; Lost fanout        ;
; BTN_Control:BTC1|next_state~12        ; Lost fanout        ;
; Total Number of Removed Registers = 6 ;                    ;
+---------------------------------------+--------------------+


+------------------------------------------------------+
; General Register Statistics                          ;
+----------------------------------------------+-------+
; Statistic                                    ; Value ;
+----------------------------------------------+-------+
; Total registers                              ; 42    ;
; Number of registers using Synchronous Clear  ; 13    ;
; Number of registers using Synchronous Load   ; 0     ;
; Number of registers using Asynchronous Clear ; 0     ;
; Number of registers using Asynchronous Load  ; 0     ;
; Number of registers using Clock Enable       ; 0     ;
; Number of registers using Preset             ; 0     ;
+----------------------------------------------+-------+


+--------------------------------------------------+
; Inverted Register Statistics                     ;
+----------------------------------------+---------+
; Inverted Register                      ; Fan out ;
+----------------------------------------+---------+
; reset                                  ; 24      ;
; Total number of inverted registers = 1 ;         ;
+----------------------------------------+---------+


+------------------------------------------------------------------------------------------------------------------------------------------------------+
; Multiplexer Restructuring Statistics (Restructuring Performed)                                                                                       ;
+--------------------+-----------+---------------+----------------------+------------------------+------------+----------------------------------------+
; Multiplexer Inputs ; Bus Width ; Baseline Area ; Area if Restructured ; Saving if Restructured ; Registered ; Example Multiplexer Output             ;
+--------------------+-----------+---------------+----------------------+------------------------+------------+----------------------------------------+
; 4:1                ; 3 bits    ; 6 LEs         ; 6 LEs                ; 0 LEs                  ; Yes        ; |Top_Module|alu:ALU1|alu_out[5]        ;
; 15:1               ; 8 bits    ; 80 LEs        ; 48 LEs               ; 32 LEs                 ; No         ; |Top_Module|BTN_Control:BTC1|Selector5 ;
+--------------------+-----------+---------------+----------------------+------------------------+------------+----------------------------------------+


+--------------------------------------------------------------------+
; Parameter Settings for User Entity Instance: debounce_explicit:DB1 ;
+----------------+-------+-------------------------------------------+
; Parameter Name ; Value ; Type                                      ;
+----------------+-------+-------------------------------------------+
; N              ; 11    ; Signed Integer                            ;
+----------------+-------+-------------------------------------------+
Note: In order to hide this table in the UI and the text report file, please set the "Show Parameter Settings in Synthesis Report" option in "Analysis and Synthesis Settings -> More Settings" to "Off".


+---------------------------------------------------------------+
; Parameter Settings for User Entity Instance: BTN_Control:BTC1 ;
+----------------+-------+--------------------------------------+
; Parameter Name ; Value ; Type                                 ;
+----------------+-------+--------------------------------------+
; START          ; 000   ; Unsigned Binary                      ;
; ADD            ; 001   ; Unsigned Binary                      ;
; SUB            ; 010   ; Unsigned Binary                      ;
; AND            ; 011   ; Unsigned Binary                      ;
; XOR            ; 100   ; Unsigned Binary                      ;
; MUL            ; 101   ; Unsigned Binary                      ;
; DIV            ; 110   ; Unsigned Binary                      ;
; STOP           ; 111   ; Unsigned Binary                      ;
+----------------+-------+--------------------------------------+
Note: In order to hide this table in the UI and the text report file, please set the "Show Parameter Settings in Synthesis Report" option in "Analysis and Synthesis Settings -> More Settings" to "Off".


+--------------------------------------------------------------------------------+
; Parameter Settings for Inferred Entity Instance: segment_7:SG7|lpm_divide:Mod2 ;
+------------------------+----------------+--------------------------------------+
; Parameter Name         ; Value          ; Type                                 ;
+------------------------+----------------+--------------------------------------+
; LPM_WIDTHN             ; 8              ; Untyped                              ;
; LPM_WIDTHD             ; 7              ; Untyped                              ;
; LPM_NREPRESENTATION    ; UNSIGNED       ; Untyped                              ;
; LPM_DREPRESENTATION    ; UNSIGNED       ; Untyped                              ;
; LPM_PIPELINE           ; 0              ; Untyped                              ;
; LPM_REMAINDERPOSITIVE  ; TRUE           ; Untyped                              ;
; MAXIMIZE_SPEED         ; 5              ; Untyped                              ;
; CBXI_PARAMETER         ; lpm_divide_p9m ; Untyped                              ;
; CARRY_CHAIN            ; MANUAL         ; Untyped                              ;
; OPTIMIZE_FOR_SPEED     ; 5              ; Untyped                              ;
; AUTO_CARRY_CHAINS      ; ON             ; AUTO_CARRY                           ;
; IGNORE_CARRY_BUFFERS   ; OFF            ; IGNORE_CARRY                         ;
; AUTO_CASCADE_CHAINS    ; ON             ; AUTO_CASCADE                         ;
; IGNORE_CASCADE_BUFFERS ; OFF            ; IGNORE_CASCADE                       ;
+------------------------+----------------+--------------------------------------+
Note: In order to hide this table in the UI and the text report file, please set the "Show Parameter Settings in Synthesis Report" option in "Analysis and Synthesis Settings -> More Settings" to "Off".


+--------------------------------------------------------------------------------+
; Parameter Settings for Inferred Entity Instance: segment_7:SG7|lpm_divide:Mod3 ;
+------------------------+----------------+--------------------------------------+
; Parameter Name         ; Value          ; Type                                 ;
+------------------------+----------------+--------------------------------------+
; LPM_WIDTHN             ; 7              ; Untyped                              ;
; LPM_WIDTHD             ; 4              ; Untyped                              ;
; LPM_NREPRESENTATION    ; UNSIGNED       ; Untyped                              ;
; LPM_DREPRESENTATION    ; UNSIGNED       ; Untyped                              ;
; LPM_PIPELINE           ; 0              ; Untyped                              ;
; LPM_REMAINDERPOSITIVE  ; TRUE           ; Untyped                              ;
; MAXIMIZE_SPEED         ; 5              ; Untyped                              ;
; CBXI_PARAMETER         ; lpm_divide_l9m ; Untyped                              ;
; CARRY_CHAIN            ; MANUAL         ; Untyped                              ;
; OPTIMIZE_FOR_SPEED     ; 5              ; Untyped                              ;
; AUTO_CARRY_CHAINS      ; ON             ; AUTO_CARRY                           ;
; IGNORE_CARRY_BUFFERS   ; OFF            ; IGNORE_CARRY                         ;
; AUTO_CASCADE_CHAINS    ; ON             ; AUTO_CASCADE                         ;
; IGNORE_CASCADE_BUFFERS ; OFF            ; IGNORE_CASCADE                       ;
+------------------------+----------------+--------------------------------------+
Note: In order to hide this table in the UI and the text report file, please set the "Show Parameter Settings in Synthesis Report" option in "Analysis and Synthesis Settings -> More Settings" to "Off".


+--------------------------------------------------------------------------------+
; Parameter Settings for Inferred Entity Instance: segment_7:SG7|lpm_divide:Mod1 ;
+------------------------+----------------+--------------------------------------+
; Parameter Name         ; Value          ; Type                                 ;
+------------------------+----------------+--------------------------------------+
; LPM_WIDTHN             ; 4              ; Untyped                              ;
; LPM_WIDTHD             ; 4              ; Untyped                              ;
; LPM_NREPRESENTATION    ; UNSIGNED       ; Untyped                              ;
; LPM_DREPRESENTATION    ; UNSIGNED       ; Untyped                              ;
; LPM_PIPELINE           ; 0              ; Untyped                              ;
; LPM_REMAINDERPOSITIVE  ; TRUE           ; Untyped                              ;
; MAXIMIZE_SPEED         ; 5              ; Untyped                              ;
; CBXI_PARAMETER         ; lpm_divide_i9m ; Untyped                              ;
; CARRY_CHAIN            ; MANUAL         ; Untyped                              ;
; OPTIMIZE_FOR_SPEED     ; 5              ; Untyped                              ;
; AUTO_CARRY_CHAINS      ; ON             ; AUTO_CARRY                           ;
; IGNORE_CARRY_BUFFERS   ; OFF            ; IGNORE_CARRY                         ;
; AUTO_CASCADE_CHAINS    ; ON             ; AUTO_CASCADE                         ;
; IGNORE_CASCADE_BUFFERS ; OFF            ; IGNORE_CASCADE                       ;
+------------------------+----------------+--------------------------------------+
Note: In order to hide this table in the UI and the text report file, please set the "Show Parameter Settings in Synthesis Report" option in "Analysis and Synthesis Settings -> More Settings" to "Off".


+--------------------------------------------------------------------------------+
; Parameter Settings for Inferred Entity Instance: segment_7:SG7|lpm_divide:Mod0 ;
+------------------------+----------------+--------------------------------------+
; Parameter Name         ; Value          ; Type                                 ;
+------------------------+----------------+--------------------------------------+
; LPM_WIDTHN             ; 4              ; Untyped                              ;
; LPM_WIDTHD             ; 4              ; Untyped                              ;
; LPM_NREPRESENTATION    ; UNSIGNED       ; Untyped                              ;
; LPM_DREPRESENTATION    ; UNSIGNED       ; Untyped                              ;
; LPM_PIPELINE           ; 0              ; Untyped                              ;
; LPM_REMAINDERPOSITIVE  ; TRUE           ; Untyped                              ;
; MAXIMIZE_SPEED         ; 5              ; Untyped                              ;
; CBXI_PARAMETER         ; lpm_divide_i9m ; Untyped                              ;
; CARRY_CHAIN            ; MANUAL         ; Untyped                              ;
; OPTIMIZE_FOR_SPEED     ; 5              ; Untyped                              ;
; AUTO_CARRY_CHAINS      ; ON             ; AUTO_CARRY                           ;
; IGNORE_CARRY_BUFFERS   ; OFF            ; IGNORE_CARRY                         ;
; AUTO_CASCADE_CHAINS    ; ON             ; AUTO_CASCADE                         ;
; IGNORE_CASCADE_BUFFERS ; OFF            ; IGNORE_CASCADE                       ;
+------------------------+----------------+--------------------------------------+
Note: In order to hide this table in the UI and the text report file, please set the "Show Parameter Settings in Synthesis Report" option in "Analysis and Synthesis Settings -> More Settings" to "Off".


+-------------------------------------------------------------------------------------+
; Parameter Settings for Inferred Entity Instance: alu:ALU1|lpm_mult:Mult0            ;
+------------------------------------------------+--------------+---------------------+
; Parameter Name                                 ; Value        ; Type                ;
+------------------------------------------------+--------------+---------------------+
; AUTO_CARRY_CHAINS                              ; ON           ; AUTO_CARRY          ;
; IGNORE_CARRY_BUFFERS                           ; OFF          ; IGNORE_CARRY        ;
; AUTO_CASCADE_CHAINS                            ; ON           ; AUTO_CASCADE        ;
; IGNORE_CASCADE_BUFFERS                         ; OFF          ; IGNORE_CASCADE      ;
; LPM_WIDTHA                                     ; 4            ; Untyped             ;
; LPM_WIDTHB                                     ; 4            ; Untyped             ;
; LPM_WIDTHP                                     ; 8            ; Untyped             ;
; LPM_WIDTHR                                     ; 8            ; Untyped             ;
; LPM_WIDTHS                                     ; 1            ; Untyped             ;
; LPM_REPRESENTATION                             ; UNSIGNED     ; Untyped             ;
; LPM_PIPELINE                                   ; 0            ; Untyped             ;
; LATENCY                                        ; 0            ; Untyped             ;
; INPUT_A_IS_CONSTANT                            ; NO           ; Untyped             ;
; INPUT_B_IS_CONSTANT                            ; NO           ; Untyped             ;
; USE_EAB                                        ; OFF          ; Untyped             ;
; MAXIMIZE_SPEED                                 ; 5            ; Untyped             ;
; DEVICE_FAMILY                                  ; Cyclone IV E ; Untyped             ;
; CARRY_CHAIN                                    ; MANUAL       ; Untyped             ;
; APEX20K_TECHNOLOGY_MAPPER                      ; LUT          ; TECH_MAPPER_APEX20K ;
; DEDICATED_MULTIPLIER_CIRCUITRY                 ; AUTO         ; Untyped             ;
; DEDICATED_MULTIPLIER_MIN_INPUT_WIDTH_FOR_AUTO  ; 0            ; Untyped             ;
; DEDICATED_MULTIPLIER_MIN_OUTPUT_WIDTH_FOR_AUTO ; 0            ; Untyped             ;
; CBXI_PARAMETER                                 ; mult_j8t     ; Untyped             ;
; INPUT_A_FIXED_VALUE                            ; Bx           ; Untyped             ;
; INPUT_B_FIXED_VALUE                            ; Bx           ; Untyped             ;
; USE_AHDL_IMPLEMENTATION                        ; OFF          ; Untyped             ;
+------------------------------------------------+--------------+---------------------+
Note: In order to hide this table in the UI and the text report file, please set the "Show Parameter Settings in Synthesis Report" option in "Analysis and Synthesis Settings -> More Settings" to "Off".


+---------------------------------------------------------------------------+
; Parameter Settings for Inferred Entity Instance: alu:ALU1|lpm_divide:Div0 ;
+------------------------+----------------+---------------------------------+
; Parameter Name         ; Value          ; Type                            ;
+------------------------+----------------+---------------------------------+
; LPM_WIDTHN             ; 4              ; Untyped                         ;
; LPM_WIDTHD             ; 4              ; Untyped                         ;
; LPM_NREPRESENTATION    ; UNSIGNED       ; Untyped                         ;
; LPM_DREPRESENTATION    ; UNSIGNED       ; Untyped                         ;
; LPM_PIPELINE           ; 0              ; Untyped                         ;
; LPM_REMAINDERPOSITIVE  ; TRUE           ; Untyped                         ;
; MAXIMIZE_SPEED         ; 5              ; Untyped                         ;
; CBXI_PARAMETER         ; lpm_divide_fhm ; Untyped                         ;
; CARRY_CHAIN            ; MANUAL         ; Untyped                         ;
; OPTIMIZE_FOR_SPEED     ; 5              ; Untyped                         ;
; AUTO_CARRY_CHAINS      ; ON             ; AUTO_CARRY                      ;
; IGNORE_CARRY_BUFFERS   ; OFF            ; IGNORE_CARRY                    ;
; AUTO_CASCADE_CHAINS    ; ON             ; AUTO_CASCADE                    ;
; IGNORE_CASCADE_BUFFERS ; OFF            ; IGNORE_CASCADE                  ;
+------------------------+----------------+---------------------------------+
Note: In order to hide this table in the UI and the text report file, please set the "Show Parameter Settings in Synthesis Report" option in "Analysis and Synthesis Settings -> More Settings" to "Off".


+-----------------------------------------------------------------+
; lpm_mult Parameter Settings by Entity Instance                  ;
+---------------------------------------+-------------------------+
; Name                                  ; Value                   ;
+---------------------------------------+-------------------------+
; Number of entity instances            ; 1                       ;
; Entity Instance                       ; alu:ALU1|lpm_mult:Mult0 ;
;     -- LPM_WIDTHA                     ; 4                       ;
;     -- LPM_WIDTHB                     ; 4                       ;
;     -- LPM_WIDTHP                     ; 8                       ;
;     -- LPM_REPRESENTATION             ; UNSIGNED                ;
;     -- INPUT_A_IS_CONSTANT            ; NO                      ;
;     -- INPUT_B_IS_CONSTANT            ; NO                      ;
;     -- USE_EAB                        ; OFF                     ;
;     -- DEDICATED_MULTIPLIER_CIRCUITRY ; AUTO                    ;
;     -- INPUT_A_FIXED_VALUE            ; Bx                      ;
;     -- INPUT_B_FIXED_VALUE            ; Bx                      ;
+---------------------------------------+-------------------------+


+-----------------------------------------------------+
; Post-Synthesis Netlist Statistics for Top Partition ;
+-----------------------+-----------------------------+
; Type                  ; Count                       ;
+-----------------------+-----------------------------+
; boundary_port         ; 59                          ;
; cycloneiii_ff         ; 42                          ;
;     SCLR              ; 13                          ;
;     plain             ; 29                          ;
; cycloneiii_lcell_comb ; 362                         ;
;     arith             ; 69                          ;
;         2 data inputs ; 23                          ;
;         3 data inputs ; 46                          ;
;     normal            ; 293                         ;
;         0 data inputs ; 14                          ;
;         1 data inputs ; 4                           ;
;         2 data inputs ; 60                          ;
;         3 data inputs ; 50                          ;
;         4 data inputs ; 165                         ;
;                       ;                             ;
; Max LUT depth         ; 16.60                       ;
; Average LUT depth     ; 8.41                        ;
+-----------------------+-----------------------------+


+-------------------------------+
; Elapsed Time Per Partition    ;
+----------------+--------------+
; Partition Name ; Elapsed Time ;
+----------------+--------------+
; Top            ; 00:00:01     ;
+----------------+--------------+


+-------------------------------+
; Analysis & Synthesis Messages ;
+-------------------------------+
Info: *******************************************************************
Info: Running Quartus Prime Analysis & Synthesis
    Info: Version 18.1.0 Build 625 09/12/2018 SJ Lite Edition
    Info: Processing started: Fri May 19 09:31:35 2023
Info: Command: quartus_map --read_settings_files=on --write_settings_files=off Final -c Final
Warning (18236): Number of processors has not been specified which may cause overloading on shared machines.  Set the global assignment NUM_PARALLEL_PROCESSORS in your QSF to an appropriate value for best performance.
Info (20030): Parallel compilation is enabled and will use 8 of the 8 processors detected
Info (12021): Found 1 design units, including 1 entities, in source file top_module.v
    Info (12023): Found entity 1: Top_Module File: C:/James/Top_Module.v Line: 1
Info (12021): Found 1 design units, including 1 entities, in source file segment_7.v
    Info (12023): Found entity 1: segment_7 File: C:/James/segment_7.v Line: 1
Info (12021): Found 1 design units, including 1 entities, in source file debounce_explicit.v
    Info (12023): Found entity 1: debounce_explicit File: C:/James/debounce_explicit.v Line: 2
Info (12021): Found 0 design units, including 0 entities, in source file counter.v
Info (12021): Found 1 design units, including 1 entities, in source file btn_control.v
    Info (12023): Found entity 1: BTN_Control File: C:/James/BTN_Control.v Line: 1
Info (12021): Found 1 design units, including 1 entities, in source file alu.v
    Info (12023): Found entity 1: alu File: C:/James/alu.v Line: 2
Info (12127): Elaborating entity "Top_Module" for the top level hierarchy
Info (12128): Elaborating entity "debounce_explicit" for hierarchy "debounce_explicit:DB1" File: C:/James/Top_Module.v Line: 28
Warning (10230): Verilog HDL assignment warning at debounce_explicit.v(29): truncated value with size 32 to match size of target (11) File: C:/James/debounce_explicit.v Line: 29
Info (12128): Elaborating entity "BTN_Control" for hierarchy "BTN_Control:BTC1" File: C:/James/Top_Module.v Line: 36
Info (10264): Verilog HDL Case Statement information at BTN_Control.v(72): all case item expressions in this case statement are onehot File: C:/James/BTN_Control.v Line: 72
Info (12128): Elaborating entity "alu" for hierarchy "alu:ALU1" File: C:/James/Top_Module.v Line: 44
Info (12128): Elaborating entity "segment_7" for hierarchy "segment_7:SG7" File: C:/James/Top_Module.v Line: 59
Warning (10230): Verilog HDL assignment warning at segment_7.v(28): truncated value with size 32 to match size of target (4) File: C:/James/segment_7.v Line: 28
Warning (10230): Verilog HDL assignment warning at segment_7.v(29): truncated value with size 32 to match size of target (4) File: C:/James/segment_7.v Line: 29
Warning (10230): Verilog HDL assignment warning at segment_7.v(30): truncated value with size 32 to match size of target (4) File: C:/James/segment_7.v Line: 30
Warning (10230): Verilog HDL assignment warning at segment_7.v(31): truncated value with size 32 to match size of target (4) File: C:/James/segment_7.v Line: 31
Warning (10230): Verilog HDL assignment warning at segment_7.v(32): truncated value with size 32 to match size of target (8) File: C:/James/segment_7.v Line: 32
Warning (10230): Verilog HDL assignment warning at segment_7.v(33): truncated value with size 32 to match size of target (8) File: C:/James/segment_7.v Line: 33
Warning (10230): Verilog HDL assignment warning at segment_7.v(34): truncated value with size 32 to match size of target (8) File: C:/James/segment_7.v Line: 34
Warning (10240): Verilog HDL Always Construct warning at segment_7.v(39): inferring latch(es) for variable "LED_OUT1", which holds its previous value in one or more paths through the always construct File: C:/James/segment_7.v Line: 39
Info (10041): Inferred latch for "LED_OUT1[0]" at segment_7.v(39) File: C:/James/segment_7.v Line: 39
Info (10041): Inferred latch for "LED_OUT1[1]" at segment_7.v(39) File: C:/James/segment_7.v Line: 39
Info (10041): Inferred latch for "LED_OUT1[2]" at segment_7.v(39) File: C:/James/segment_7.v Line: 39
Info (10041): Inferred latch for "LED_OUT1[3]" at segment_7.v(39) File: C:/James/segment_7.v Line: 39
Info (10041): Inferred latch for "LED_OUT1[4]" at segment_7.v(39) File: C:/James/segment_7.v Line: 39
Info (10041): Inferred latch for "LED_OUT1[5]" at segment_7.v(39) File: C:/James/segment_7.v Line: 39
Info (10041): Inferred latch for "LED_OUT1[6]" at segment_7.v(39) File: C:/James/segment_7.v Line: 39
Info (278001): Inferred 6 megafunctions from design logic
    Info (278004): Inferred divider/modulo megafunction ("lpm_divide") from the following logic: "segment_7:SG7|Mod2" File: C:/James/segment_7.v Line: 34
    Info (278004): Inferred divider/modulo megafunction ("lpm_divide") from the following logic: "segment_7:SG7|Mod3" File: C:/James/segment_7.v Line: 34
    Info (278004): Inferred divider/modulo megafunction ("lpm_divide") from the following logic: "segment_7:SG7|Mod1" File: C:/James/segment_7.v Line: 31
    Info (278004): Inferred divider/modulo megafunction ("lpm_divide") from the following logic: "segment_7:SG7|Mod0" File: C:/James/segment_7.v Line: 29
    Info (278003): Inferred multiplier megafunction ("lpm_mult") from the following logic: "alu:ALU1|Mult0" File: C:/James/alu.v Line: 17
    Info (278004): Inferred divider/modulo megafunction ("lpm_divide") from the following logic: "alu:ALU1|Div0" File: C:/James/alu.v Line: 18
Info (12130): Elaborated megafunction instantiation "segment_7:SG7|lpm_divide:Mod2" File: C:/James/segment_7.v Line: 34
Info (12133): Instantiated megafunction "segment_7:SG7|lpm_divide:Mod2" with the following parameter: File: C:/James/segment_7.v Line: 34
    Info (12134): Parameter "LPM_WIDTHN" = "8"
    Info (12134): Parameter "LPM_WIDTHD" = "7"
    Info (12134): Parameter "LPM_NREPRESENTATION" = "UNSIGNED"
    Info (12134): Parameter "LPM_DREPRESENTATION" = "UNSIGNED"
Info (12021): Found 1 design units, including 1 entities, in source file db/lpm_divide_p9m.tdf
    Info (12023): Found entity 1: lpm_divide_p9m File: C:/James/db/lpm_divide_p9m.tdf Line: 24
Info (12021): Found 1 design units, including 1 entities, in source file db/sign_div_unsign_ekh.tdf
    Info (12023): Found entity 1: sign_div_unsign_ekh File: C:/James/db/sign_div_unsign_ekh.tdf Line: 24
Info (12021): Found 1 design units, including 1 entities, in source file db/alt_u_div_g4f.tdf
    Info (12023): Found entity 1: alt_u_div_g4f File: C:/James/db/alt_u_div_g4f.tdf Line: 26
Info (12021): Found 1 design units, including 1 entities, in source file db/add_sub_7pc.tdf
    Info (12023): Found entity 1: add_sub_7pc File: C:/James/db/add_sub_7pc.tdf Line: 22
Info (12021): Found 1 design units, including 1 entities, in source file db/add_sub_8pc.tdf
    Info (12023): Found entity 1: add_sub_8pc File: C:/James/db/add_sub_8pc.tdf Line: 22
Info (12130): Elaborated megafunction instantiation "segment_7:SG7|lpm_divide:Mod3" File: C:/James/segment_7.v Line: 34
Info (12133): Instantiated megafunction "segment_7:SG7|lpm_divide:Mod3" with the following parameter: File: C:/James/segment_7.v Line: 34
    Info (12134): Parameter "LPM_WIDTHN" = "7"
    Info (12134): Parameter "LPM_WIDTHD" = "4"
    Info (12134): Parameter "LPM_NREPRESENTATION" = "UNSIGNED"
    Info (12134): Parameter "LPM_DREPRESENTATION" = "UNSIGNED"
Info (12021): Found 1 design units, including 1 entities, in source file db/lpm_divide_l9m.tdf
    Info (12023): Found entity 1: lpm_divide_l9m File: C:/James/db/lpm_divide_l9m.tdf Line: 24
Info (12021): Found 1 design units, including 1 entities, in source file db/sign_div_unsign_akh.tdf
    Info (12023): Found entity 1: sign_div_unsign_akh File: C:/James/db/sign_div_unsign_akh.tdf Line: 24
Info (12021): Found 1 design units, including 1 entities, in source file db/alt_u_div_84f.tdf
    Info (12023): Found entity 1: alt_u_div_84f File: C:/James/db/alt_u_div_84f.tdf Line: 26
Info (12130): Elaborated megafunction instantiation "segment_7:SG7|lpm_divide:Mod1" File: C:/James/segment_7.v Line: 31
Info (12133): Instantiated megafunction "segment_7:SG7|lpm_divide:Mod1" with the following parameter: File: C:/James/segment_7.v Line: 31
    Info (12134): Parameter "LPM_WIDTHN" = "4"
    Info (12134): Parameter "LPM_WIDTHD" = "4"
    Info (12134): Parameter "LPM_NREPRESENTATION" = "UNSIGNED"
    Info (12134): Parameter "LPM_DREPRESENTATION" = "UNSIGNED"
Info (12021): Found 1 design units, including 1 entities, in source file db/lpm_divide_i9m.tdf
    Info (12023): Found entity 1: lpm_divide_i9m File: C:/James/db/lpm_divide_i9m.tdf Line: 24
Info (12021): Found 1 design units, including 1 entities, in source file db/sign_div_unsign_7kh.tdf
    Info (12023): Found entity 1: sign_div_unsign_7kh File: C:/James/db/sign_div_unsign_7kh.tdf Line: 24
Info (12021): Found 1 design units, including 1 entities, in source file db/alt_u_div_24f.tdf
    Info (12023): Found entity 1: alt_u_div_24f File: C:/James/db/alt_u_div_24f.tdf Line: 26
Info (12130): Elaborated megafunction instantiation "alu:ALU1|lpm_mult:Mult0" File: C:/James/alu.v Line: 17
Info (12133): Instantiated megafunction "alu:ALU1|lpm_mult:Mult0" with the following parameter: File: C:/James/alu.v Line: 17
    Info (12134): Parameter "LPM_WIDTHA" = "4"
    Info (12134): Parameter "LPM_WIDTHB" = "4"
    Info (12134): Parameter "LPM_WIDTHP" = "8"
    Info (12134): Parameter "LPM_WIDTHR" = "8"
    Info (12134): Parameter "LPM_WIDTHS" = "1"
    Info (12134): Parameter "LPM_REPRESENTATION" = "UNSIGNED"
    Info (12134): Parameter "INPUT_A_IS_CONSTANT" = "NO"
    Info (12134): Parameter "INPUT_B_IS_CONSTANT" = "NO"
    Info (12134): Parameter "MAXIMIZE_SPEED" = "5"
Info (12021): Found 1 design units, including 1 entities, in source file db/mult_j8t.tdf
    Info (12023): Found entity 1: mult_j8t File: C:/James/db/mult_j8t.tdf Line: 28
Info (12130): Elaborated megafunction instantiation "alu:ALU1|lpm_divide:Div0" File: C:/James/alu.v Line: 18
Info (12133): Instantiated megafunction "alu:ALU1|lpm_divide:Div0" with the following parameter: File: C:/James/alu.v Line: 18
    Info (12134): Parameter "LPM_WIDTHN" = "4"
    Info (12134): Parameter "LPM_WIDTHD" = "4"
    Info (12134): Parameter "LPM_NREPRESENTATION" = "UNSIGNED"
    Info (12134): Parameter "LPM_DREPRESENTATION" = "UNSIGNED"
Info (12021): Found 1 design units, including 1 entities, in source file db/lpm_divide_fhm.tdf
    Info (12023): Found entity 1: lpm_divide_fhm File: C:/James/db/lpm_divide_fhm.tdf Line: 24
Warning (14284): Synthesized away the following node(s):
    Warning (14285): Synthesized away the following LCELL buffer node(s):
        Warning (14320): Synthesized away node "alu:ALU1|lpm_mult:Mult0|mult_j8t:auto_generated|le5a[4]" File: C:/James/db/mult_j8t.tdf Line: 42
Info (13014): Ignored 48 buffer(s)
    Info (13016): Ignored 4 CARRY_SUM buffer(s)
    Info (13019): Ignored 44 SOFT buffer(s)
Warning (13012): Latch segment_7:SG7|LED_OUT1[0] has unsafe behavior File: C:/James/segment_7.v Line: 39
    Warning (13013): Ports D and ENA on the latch are fed by the same signal alu:ALU1|alu_out[0] File: C:/James/alu.v Line: 10
Warning (13012): Latch segment_7:SG7|LED_OUT1[1] has unsafe behavior File: C:/James/segment_7.v Line: 39
    Warning (13013): Ports D and ENA on the latch are fed by the same signal alu:ALU1|alu_out[0] File: C:/James/alu.v Line: 10
Warning (13012): Latch segment_7:SG7|LED_OUT1[2] has unsafe behavior File: C:/James/segment_7.v Line: 39
    Warning (13013): Ports D and ENA on the latch are fed by the same signal alu:ALU1|alu_out[0] File: C:/James/alu.v Line: 10
Warning (13012): Latch segment_7:SG7|LED_OUT1[3] has unsafe behavior File: C:/James/segment_7.v Line: 39
    Warning (13013): Ports D and ENA on the latch are fed by the same signal alu:ALU1|alu_out[0] File: C:/James/alu.v Line: 10
Warning (13012): Latch segment_7:SG7|LED_OUT1[4] has unsafe behavior File: C:/James/segment_7.v Line: 39
    Warning (13013): Ports D and ENA on the latch are fed by the same signal alu:ALU1|alu_out[0] File: C:/James/alu.v Line: 10
Warning (13012): Latch segment_7:SG7|LED_OUT1[5] has unsafe behavior File: C:/James/segment_7.v Line: 39
    Warning (13013): Ports D and ENA on the latch are fed by the same signal alu:ALU1|alu_out[0] File: C:/James/alu.v Line: 10
Warning (13012): Latch segment_7:SG7|LED_OUT1[6] has unsafe behavior File: C:/James/segment_7.v Line: 39
    Warning (13013): Ports D and ENA on the latch are fed by the same signal alu:ALU1|alu_out[0] File: C:/James/alu.v Line: 10
Warning (13024): Output pins are stuck at VCC or GND
    Warning (13410): Pin "LED_OUT2[5]" is stuck at GND File: C:/James/Top_Module.v Line: 8
    Warning (13410): Pin "LED_OUT5[0]" is stuck at VCC File: C:/James/Top_Module.v Line: 10
    Warning (13410): Pin "LED_OUT5[4]" is stuck at GND File: C:/James/Top_Module.v Line: 10
    Warning (13410): Pin "LED_OUT5[5]" is stuck at GND File: C:/James/Top_Module.v Line: 10
    Warning (13410): Pin "LED_OUT7[0]" is stuck at VCC File: C:/James/Top_Module.v Line: 13
    Warning (13410): Pin "LED_OUT7[4]" is stuck at GND File: C:/James/Top_Module.v Line: 13
    Warning (13410): Pin "LED_OUT7[5]" is stuck at GND File: C:/James/Top_Module.v Line: 13
Info (286030): Timing-Driven Synthesis is running
Info (17049): 6 registers lost all their fanouts during netlist optimizations.
Info (16010): Generating hard_block partition "hard_block:auto_generated_inst"
    Info (16011): Adding 0 node(s), including 0 DDIO, 0 PLL, 0 transceiver and 0 LCELL
Info (21057): Implemented 417 device resources after synthesis - the final resource count might be different
    Info (21058): Implemented 10 input pins
    Info (21059): Implemented 49 output pins
    Info (21061): Implemented 358 logic cells
Info: Quartus Prime Analysis & Synthesis was successful. 0 errors, 35 warnings
    Info: Peak virtual memory: 4814 megabytes
    Info: Processing ended: Fri May 19 09:31:42 2023
    Info: Elapsed time: 00:00:07
    Info: Total CPU time (on all processors): 00:00:17


